16:56:51.307 INFO - Launching a standalone Selenium Server
16:56:51.341 INFO - Java: Oracle Corporation 25.121-b13
16:56:51.341 INFO - OS: Mac OS X 10.11.6 x86_64
16:56:51.355 INFO - v2.53.0, with Core v2.53.0. Built from revision 35ae25b
16:56:51.421 INFO - Driver provider org.openqa.selenium.ie.InternetExplorerDriver registration is skipped:
registration capabilities Capabilities [{ensureCleanSession=true, browserName=internet explorer, version=, platform=WINDOWS}] does not match the current platform MAC
16:56:51.421 INFO - Driver provider org.openqa.selenium.edge.EdgeDriver registration is skipped:
registration capabilities Capabilities [{browserName=MicrosoftEdge, version=, platform=WINDOWS}] does not match the current platform MAC
16:56:51.421 INFO - Driver class not found: com.opera.core.systems.OperaDriver
16:56:51.422 INFO - Driver provider com.opera.core.systems.OperaDriver is not registered
16:56:51.424 INFO - Driver class not found: org.openqa.selenium.htmlunit.HtmlUnitDriver
16:56:51.425 INFO - Driver provider org.openqa.selenium.htmlunit.HtmlUnitDriver is not registered
16:56:51.516 INFO - RemoteWebDriver instances should connect to: http://127.0.0.1:4444/wd/hub
16:56:51.516 INFO - Selenium Server is up and running
16:56:51.796 INFO - Executing: [new session: Capabilities [{acceptSslCerts=true, name=Alerts, browserName=chrome, javascriptEnabled=true, platform=ANY}]])
16:56:51.806 INFO - Creating a new session for Capabilities [{acceptSslCerts=true, name=Alerts, browserName=chrome, javascriptEnabled=true, platform=ANY}]
Starting ChromeDriver 2.27.440174 (e97a722caafc2d3a8b807ee115bfb307f7d2cfd9) on port 8188
Only local connections are allowed.
16:56:53.371 INFO - Done: [new session: Capabilities [{acceptSslCerts=true, name=Alerts, browserName=chrome, javascriptEnabled=true, platform=ANY}]]
16:56:53.391 INFO - Executing: [get: http://localhost:3000/alerts])
16:56:55.458 INFO - Done: [get: http://localhost:3000/alerts]
16:56:55.471 INFO - Executing: [find elements: By.cssSelector: body])
16:56:55.653 INFO - Done: [find elements: By.cssSelector: body]
16:56:55.671 INFO - Executing: [is displayed: 0 [[ChromeDriver: chrome on MAC (3de9f3a6167fecb0fe1fb7c05b1c68c3)] -> css selector: body]])
16:56:55.721 INFO - Done: [is displayed: 0 [[ChromeDriver: chrome on MAC (3de9f3a6167fecb0fe1fb7c05b1c68c3)] -> css selector: body]]
16:56:55.731 INFO - Executing: [find elements: By.cssSelector: .swal2-container])
16:56:55.781 INFO - Done: [find elements: By.cssSelector: .swal2-container]
16:56:55.791 INFO - Executing: [take screenshot])
16:56:56.227 INFO - Done: [take screenshot]
16:56:56.246 INFO - Executing: [delete session: 40516a29-abc9-465e-9fc7-1b098614386d])
16:56:56.390 INFO - Done: [delete session: 40516a29-abc9-465e-9fc7-1b098614386d]
16:56:56.422 INFO - Executing: [new session: Capabilities [{acceptSslCerts=true, name=Back To Top, browserName=chrome, javascriptEnabled=true, platform=ANY}]])
16:56:56.424 INFO - Creating a new session for Capabilities [{acceptSslCerts=true, name=Back To Top, browserName=chrome, javascriptEnabled=true, platform=ANY}]
Starting ChromeDriver 2.27.440174 (e97a722caafc2d3a8b807ee115bfb307f7d2cfd9) on port 2581
Only local connections are allowed.
16:56:57.646 INFO - Done: [new session: Capabilities [{acceptSslCerts=true, name=Back To Top, browserName=chrome, javascriptEnabled=true, platform=ANY}]]
16:56:57.652 INFO - Executing: [get: http://localhost:3000/back-to-top])
16:57:00.446 INFO - Done: [get: http://localhost:3000/back-to-top]
16:57:00.458 INFO - Executing: [find elements: By.cssSelector: body])
16:57:00.525 INFO - Done: [find elements: By.cssSelector: body]
16:57:00.534 INFO - Executing: [is displayed: 0 [[ChromeDriver: chrome on MAC (02471a8eb30e5699ee831fa82cbdd35a)] -> css selector: body]])
16:57:00.561 INFO - Done: [is displayed: 0 [[ChromeDriver: chrome on MAC (02471a8eb30e5699ee831fa82cbdd35a)] -> css selector: body]]
16:57:00.567 INFO - Executing: [execute script: scrollTo(0,300), []])
16:57:00.638 INFO - Done: [execute script: scrollTo(0,300), []]
16:57:00.646 INFO - Executing: [find elements: By.cssSelector: a[id="back-to-top"]])
16:57:00.688 INFO - Done: [find elements: By.cssSelector: a[id="back-to-top"]]
16:57:00.700 INFO - Executing: [find element: By.cssSelector: a[id="back-to-top"]])
16:57:00.766 INFO - Done: [find element: By.cssSelector: a[id="back-to-top"]]
16:57:00.779 INFO - Executing: [mousemove: 1 true])
16:57:00.849 INFO - Done: [mousemove: 1 true]
16:57:00.855 INFO - Executing: [click: nothing])
16:57:00.872 INFO - Done: [click: nothing]
16:57:00.884 INFO - Executing: [find element: By.cssSelector: h2])
16:57:00.921 INFO - Done: [find element: By.cssSelector: h2]
16:57:00.927 INFO - Executing: [is displayed: 2 [[ChromeDriver: chrome on MAC (02471a8eb30e5699ee831fa82cbdd35a)] -> css selector: h2]])
16:57:00.962 INFO - Done: [is displayed: 2 [[ChromeDriver: chrome on MAC (02471a8eb30e5699ee831fa82cbdd35a)] -> css selector: h2]]
16:57:00.968 INFO - Executing: [take screenshot])
16:57:01.464 INFO - Done: [take screenshot]
16:57:01.517 INFO - Executing: [delete session: c7992a86-d7a8-4ca2-8362-f9a5be191717])
16:57:01.603 INFO - Done: [delete session: c7992a86-d7a8-4ca2-8362-f9a5be191717]
16:57:01.668 INFO - Executing: [new session: Capabilities [{acceptSslCerts=true, name=Breadcrumb, browserName=chrome, javascriptEnabled=true, platform=ANY}]])
16:57:01.669 INFO - Creating a new session for Capabilities [{acceptSslCerts=true, name=Breadcrumb, browserName=chrome, javascriptEnabled=true, platform=ANY}]
Starting ChromeDriver 2.27.440174 (e97a722caafc2d3a8b807ee115bfb307f7d2cfd9) on port 12367
Only local connections are allowed.
16:57:02.804 INFO - Done: [new session: Capabilities [{acceptSslCerts=true, name=Breadcrumb, browserName=chrome, javascriptEnabled=true, platform=ANY}]]
16:57:02.811 INFO - Executing: [get: http://localhost:3000/Breadcrumb])
16:57:05.604 INFO - Done: [get: http://localhost:3000/Breadcrumb]
16:57:05.610 INFO - Executing: [find elements: By.cssSelector: body])
16:57:05.716 INFO - Done: [find elements: By.cssSelector: body]
16:57:05.720 INFO - Executing: [is displayed: 0 [[ChromeDriver: chrome on MAC (a8718c3ff851d24e4ff3f4dc0729a26b)] -> css selector: body]])
16:57:05.749 INFO - Done: [is displayed: 0 [[ChromeDriver: chrome on MAC (a8718c3ff851d24e4ff3f4dc0729a26b)] -> css selector: body]]
16:57:05.765 INFO - Executing: [find elements: By.cssSelector: ol.breadcrumb])
16:57:05.784 INFO - Done: [find elements: By.cssSelector: ol.breadcrumb]
16:57:05.788 INFO - Executing: [set window size])
16:57:05.974 INFO - Done: [set window size]
16:57:05.983 INFO - Executing: [find elements: By.cssSelector: ol.breadcrumb li:nth-child(1).dropdown2])
16:57:06.006 INFO - Done: [find elements: By.cssSelector: ol.breadcrumb li:nth-child(1).dropdown2]
16:57:06.011 INFO - Executing: [take screenshot])
16:57:06.290 INFO - Done: [take screenshot]
16:57:06.311 INFO - Executing: [take screenshot])
16:57:06.443 INFO - Done: [take screenshot]
16:57:06.454 INFO - Executing: [delete session: a4b22863-d855-49a3-b8c7-9b2d398d669b])
16:57:06.534 INFO - Done: [delete session: a4b22863-d855-49a3-b8c7-9b2d398d669b]
16:57:06.556 INFO - Executing: [new session: Capabilities [{acceptSslCerts=true, name=Carousel, browserName=chrome, javascriptEnabled=true, platform=ANY}]])
16:57:06.557 INFO - Creating a new session for Capabilities [{acceptSslCerts=true, name=Carousel, browserName=chrome, javascriptEnabled=true, platform=ANY}]
Starting ChromeDriver 2.27.440174 (e97a722caafc2d3a8b807ee115bfb307f7d2cfd9) on port 29391
Only local connections are allowed.
16:57:07.843 INFO - Done: [new session: Capabilities [{acceptSslCerts=true, name=Carousel, browserName=chrome, javascriptEnabled=true, platform=ANY}]]
16:57:07.850 INFO - Executing: [get: http://localhost:3000/carousel])
16:57:09.421 INFO - Done: [get: http://localhost:3000/carousel]
16:57:09.428 INFO - Executing: [find elements: By.cssSelector: body])
16:57:09.627 INFO - Done: [find elements: By.cssSelector: body]
16:57:09.631 INFO - Executing: [is displayed: 0 [[ChromeDriver: chrome on MAC (2565e395d010fd2257cb2ecd9a8d8d50)] -> css selector: body]])
16:57:09.661 INFO - Done: [is displayed: 0 [[ChromeDriver: chrome on MAC (2565e395d010fd2257cb2ecd9a8d8d50)] -> css selector: body]]
16:57:09.666 INFO - Executing: [find elements: By.cssSelector: .carousel])
16:57:09.707 INFO - Done: [find elements: By.cssSelector: .carousel]
16:57:09.712 INFO - Executing: [find element: By.cssSelector: .slick-dots > li:nth-child(2) > button])
16:57:09.737 INFO - Done: [find element: By.cssSelector: .slick-dots > li:nth-child(2) > button]
16:57:09.741 INFO - Executing: [click: 2 [[ChromeDriver: chrome on MAC (2565e395d010fd2257cb2ecd9a8d8d50)] -> css selector: .slick-dots > li:nth-child(2) > button]])
16:57:09.812 INFO - Done: [click: 2 [[ChromeDriver: chrome on MAC (2565e395d010fd2257cb2ecd9a8d8d50)] -> css selector: .slick-dots > li:nth-child(2) > button]]
16:57:09.819 INFO - Executing: [take screenshot])
16:57:10.211 INFO - Done: [take screenshot]
16:57:10.218 INFO - Executing: [delete session: 01b362ec-85a2-400f-9242-4508301c91c3])
16:57:10.315 INFO - Done: [delete session: 01b362ec-85a2-400f-9242-4508301c91c3]
16:57:10.337 INFO - Executing: [new session: Capabilities [{acceptSslCerts=true, name=Datatables, browserName=chrome, javascriptEnabled=true, platform=ANY}]])
16:57:10.339 INFO - Creating a new session for Capabilities [{acceptSslCerts=true, name=Datatables, browserName=chrome, javascriptEnabled=true, platform=ANY}]
Starting ChromeDriver 2.27.440174 (e97a722caafc2d3a8b807ee115bfb307f7d2cfd9) on port 21030
Only local connections are allowed.
16:57:11.524 INFO - Done: [new session: Capabilities [{acceptSslCerts=true, name=Datatables, browserName=chrome, javascriptEnabled=true, platform=ANY}]]
16:57:11.528 INFO - Executing: [get: http://localhost:3000/datatables])
16:57:13.304 INFO - Done: [get: http://localhost:3000/datatables]
16:57:13.310 INFO - Executing: [find elements: By.cssSelector: body])
16:57:13.861 INFO - Done: [find elements: By.cssSelector: body]
16:57:13.867 INFO - Executing: [is displayed: 0 [[ChromeDriver: chrome on MAC (cce0eff934ac6dac78fd79af7648a6d9)] -> css selector: body]])
16:57:13.915 INFO - Done: [is displayed: 0 [[ChromeDriver: chrome on MAC (cce0eff934ac6dac78fd79af7648a6d9)] -> css selector: body]]
16:57:13.924 INFO - Executing: [find elements: By.cssSelector: .dataTables_wrapper])
16:57:13.990 INFO - Done: [find elements: By.cssSelector: .dataTables_wrapper]
16:57:13.999 INFO - Executing: [take screenshot])
16:57:14.374 INFO - Done: [take screenshot]
16:57:14.387 INFO - Executing: [delete session: 78d81814-418d-4695-b74c-efced6e66e3b])
16:57:14.478 INFO - Done: [delete session: 78d81814-418d-4695-b74c-efced6e66e3b]
16:57:14.502 INFO - Executing: [new session: Capabilities [{acceptSslCerts=true, name=Date Range Picker, browserName=chrome, javascriptEnabled=true, platform=ANY}]])
16:57:14.505 INFO - Creating a new session for Capabilities [{acceptSslCerts=true, name=Date Range Picker, browserName=chrome, javascriptEnabled=true, platform=ANY}]
Starting ChromeDriver 2.27.440174 (e97a722caafc2d3a8b807ee115bfb307f7d2cfd9) on port 39060
Only local connections are allowed.
16:57:16.189 INFO - Done: [new session: Capabilities [{acceptSslCerts=true, name=Date Range Picker, browserName=chrome, javascriptEnabled=true, platform=ANY}]]
16:57:16.196 INFO - Executing: [get: http://localhost:3000/date-range-picker])
16:57:16.766 INFO - Done: [get: http://localhost:3000/date-range-picker]
16:57:16.773 INFO - Executing: [find elements: By.cssSelector: body])
16:57:16.811 INFO - Done: [find elements: By.cssSelector: body]
16:57:16.815 INFO - Executing: [is displayed: 0 [[ChromeDriver: chrome on MAC (f37b8924aa520558b9202698fe30ba03)] -> css selector: body]])
16:57:16.850 INFO - Done: [is displayed: 0 [[ChromeDriver: chrome on MAC (f37b8924aa520558b9202698fe30ba03)] -> css selector: body]]
16:57:16.856 INFO - Executing: [find elements: By.cssSelector: input[name="daterange"]])
16:57:16.882 INFO - Done: [find elements: By.cssSelector: input[name="daterange"]]
16:57:16.889 INFO - Executing: [find element: By.cssSelector: input[name="daterange"]])
WARNING: GL pipe is running in software mode (Renderer ID=0x1020400)
WARNING: GL pipe is running in software mode (Renderer ID=0x1020400)
WARNING: GL pipe is running in software mode (Renderer ID=0x1020400)
16:57:19.875 WARN - Exception thrown
org.openqa.selenium.NoSuchElementException: no such element: Unable to locate element: {"method":"css selector","selector":"input[name="daterange"]"}
  (Session info: chrome=56.0.2924.87)
  (Driver info: chromedriver=2.27.440174 (e97a722caafc2d3a8b807ee115bfb307f7d2cfd9),platform=Mac OS X 10.11.6 x86_64) (WARNING: The server did not provide any stacktrace information)
Command duration or timeout: 33 milliseconds
For documentation on this error, please visit: http://seleniumhq.org/exceptions/no_such_element.html
Build info: version: '2.53.0', revision: '35ae25b', time: '2016-03-15 17:00:58'
System info: host: 'rsilva-mba.hbs.edu', ip: '10.228.194.1', os.name: 'Mac OS X', os.arch: 'x86_64', os.version: '10.11.6', java.version: '1.8.0_121'
Driver info: org.openqa.selenium.chrome.ChromeDriver
Capabilities [{applicationCacheEnabled=false, rotatable=false, mobileEmulationEnabled=false, networkConnectionEnabled=false, chrome={chromedriverVersion=2.27.440174 (e97a722caafc2d3a8b807ee115bfb307f7d2cfd9), userDataDir=/var/folders/mw/2x0cchr96mbdl_7d0l5xxdgwlhbm1j/T/.org.chromium.Chromium.qQoNGV}, takesHeapSnapshot=true, pageLoadStrategy=normal, databaseEnabled=false, handlesAlerts=true, hasTouchScreen=false, version=56.0.2924.87, platform=MAC, browserConnectionEnabled=false, nativeEvents=true, acceptSslCerts=true, locationContextEnabled=true, webStorageEnabled=true, browserName=chrome, takesScreenshot=true, javascriptEnabled=true, cssSelectorsEnabled=true, unexpectedAlertBehaviour=}]
Session ID: f37b8924aa520558b9202698fe30ba03
*** Element info: {Using=css selector, value=input[name="daterange"]}
	at sun.reflect.NativeConstructorAccessorImpl.newInstance0(Native Method)
	at sun.reflect.NativeConstructorAccessorImpl.newInstance(NativeConstructorAccessorImpl.java:62)
	at sun.reflect.DelegatingConstructorAccessorImpl.newInstance(DelegatingConstructorAccessorImpl.java:45)
	at java.lang.reflect.Constructor.newInstance(Constructor.java:423)
	at org.openqa.selenium.remote.ErrorHandler.createThrowable(ErrorHandler.java:206)
	at org.openqa.selenium.remote.ErrorHandler.throwIfResponseFailed(ErrorHandler.java:158)
	at org.openqa.selenium.remote.RemoteWebDriver.execute(RemoteWebDriver.java:678)
	at org.openqa.selenium.remote.RemoteWebDriver.findElement(RemoteWebDriver.java:363)
	at org.openqa.selenium.remote.RemoteWebDriver.findElementByCssSelector(RemoteWebDriver.java:492)
	at org.openqa.selenium.By$ByCssSelector.findElement(By.java:430)
	at org.openqa.selenium.remote.RemoteWebDriver.findElement(RemoteWebDriver.java:355)
	at sun.reflect.NativeMethodAccessorImpl.invoke0(Native Method)
	at sun.reflect.NativeMethodAccessorImpl.invoke(NativeMethodAccessorImpl.java:62)
	at sun.reflect.DelegatingMethodAccessorImpl.invoke(DelegatingMethodAccessorImpl.java:43)
	at java.lang.reflect.Method.invoke(Method.java:498)
	at org.openqa.selenium.support.events.EventFiringWebDriver$2.invoke(EventFiringWebDriver.java:103)
	at com.sun.proxy.$Proxy1.findElement(Unknown Source)
	at org.openqa.selenium.support.events.EventFiringWebDriver.findElement(EventFiringWebDriver.java:188)
	at org.openqa.selenium.remote.server.handler.FindElement.call(FindElement.java:48)
	at org.openqa.selenium.remote.server.handler.FindElement.call(FindElement.java:1)
	at java.util.concurrent.FutureTask.run(FutureTask.java:266)
	at org.openqa.selenium.remote.server.DefaultSession$1.run(DefaultSession.java:176)
	at java.util.concurrent.ThreadPoolExecutor.runWorker(ThreadPoolExecutor.java:1142)
	at java.util.concurrent.ThreadPoolExecutor$Worker.run(ThreadPoolExecutor.java:617)
	at java.lang.Thread.run(Thread.java:745)
16:57:19.878 WARN - Exception: no such element: Unable to locate element: {"method":"css selector","selector":"input[name="daterange"]"}
  (Session info: chrome=56.0.2924.87)
  (Driver info: chromedriver=2.27.440174 (e97a722caafc2d3a8b807ee115bfb307f7d2cfd9),platform=Mac OS X 10.11.6 x86_64) (WARNING: The server did not provide any stacktrace information)
Command duration or timeout: 33 milliseconds
For documentation on this error, please visit: http://seleniumhq.org/exceptions/no_such_element.html
Build info: version: '2.53.0', revision: '35ae25b', time: '2016-03-15 17:00:58'
System info: host: 'rsilva-mba.hbs.edu', ip: '10.228.194.1', os.name: 'Mac OS X', os.arch: 'x86_64', os.version: '10.11.6', java.version: '1.8.0_121'
Driver info: org.openqa.selenium.chrome.ChromeDriver
Capabilities [{applicationCacheEnabled=false, rotatable=false, mobileEmulationEnabled=false, networkConnectionEnabled=false, chrome={chromedriverVersion=2.27.440174 (e97a722caafc2d3a8b807ee115bfb307f7d2cfd9), userDataDir=/var/folders/mw/2x0cchr96mbdl_7d0l5xxdgwlhbm1j/T/.org.chromium.Chromium.qQoNGV}, takesHeapSnapshot=true, pageLoadStrategy=normal, databaseEnabled=false, handlesAlerts=true, hasTouchScreen=false, version=56.0.2924.87, platform=MAC, browserConnectionEnabled=false, nativeEvents=true, acceptSslCerts=true, locationContextEnabled=true, webStorageEnabled=true, browserName=chrome, takesScreenshot=true, javascriptEnabled=true, cssSelectorsEnabled=true, unexpectedAlertBehaviour=}]
Session ID: f37b8924aa520558b9202698fe30ba03
*** Element info: {Using=css selector, value=input[name="daterange"]}
16:57:20.073 INFO - Executing: [find element: By.cssSelector: .daterangepicker.dropdown-menu])
16:57:21.276 WARN - Exception thrown
org.openqa.selenium.NoSuchElementException: no such element: Unable to locate element: {"method":"css selector","selector":".daterangepicker.dropdown-menu"}
  (Session info: chrome=56.0.2924.87)
  (Driver info: chromedriver=2.27.440174 (e97a722caafc2d3a8b807ee115bfb307f7d2cfd9),platform=Mac OS X 10.11.6 x86_64) (WARNING: The server did not provide any stacktrace information)
Command duration or timeout: 27 milliseconds
For documentation on this error, please visit: http://seleniumhq.org/exceptions/no_such_element.html
Build info: version: '2.53.0', revision: '35ae25b', time: '2016-03-15 17:00:58'
System info: host: 'rsilva-mba.hbs.edu', ip: '10.228.194.1', os.name: 'Mac OS X', os.arch: 'x86_64', os.version: '10.11.6', java.version: '1.8.0_121'
Driver info: org.openqa.selenium.chrome.ChromeDriver
Capabilities [{applicationCacheEnabled=false, rotatable=false, mobileEmulationEnabled=false, networkConnectionEnabled=false, chrome={chromedriverVersion=2.27.440174 (e97a722caafc2d3a8b807ee115bfb307f7d2cfd9), userDataDir=/var/folders/mw/2x0cchr96mbdl_7d0l5xxdgwlhbm1j/T/.org.chromium.Chromium.qQoNGV}, takesHeapSnapshot=true, pageLoadStrategy=normal, databaseEnabled=false, handlesAlerts=true, hasTouchScreen=false, version=56.0.2924.87, platform=MAC, browserConnectionEnabled=false, nativeEvents=true, acceptSslCerts=true, locationContextEnabled=true, webStorageEnabled=true, browserName=chrome, takesScreenshot=true, javascriptEnabled=true, cssSelectorsEnabled=true, unexpectedAlertBehaviour=}]
Session ID: f37b8924aa520558b9202698fe30ba03
*** Element info: {Using=css selector, value=.daterangepicker.dropdown-menu}
	at sun.reflect.NativeConstructorAccessorImpl.newInstance0(Native Method)
	at sun.reflect.NativeConstructorAccessorImpl.newInstance(NativeConstructorAccessorImpl.java:62)
	at sun.reflect.DelegatingConstructorAccessorImpl.newInstance(DelegatingConstructorAccessorImpl.java:45)
	at java.lang.reflect.Constructor.newInstance(Constructor.java:423)
	at org.openqa.selenium.remote.ErrorHandler.createThrowable(ErrorHandler.java:206)
	at org.openqa.selenium.remote.ErrorHandler.throwIfResponseFailed(ErrorHandler.java:158)
	at org.openqa.selenium.remote.RemoteWebDriver.execute(RemoteWebDriver.java:678)
	at org.openqa.selenium.remote.RemoteWebDriver.findElement(RemoteWebDriver.java:363)
	at org.openqa.selenium.remote.RemoteWebDriver.findElementByCssSelector(RemoteWebDriver.java:492)
	at org.openqa.selenium.By$ByCssSelector.findElement(By.java:430)
	at org.openqa.selenium.remote.RemoteWebDriver.findElement(RemoteWebDriver.java:355)
	at sun.reflect.NativeMethodAccessorImpl.invoke0(Native Method)
	at sun.reflect.NativeMethodAccessorImpl.invoke(NativeMethodAccessorImpl.java:62)
	at sun.reflect.DelegatingMethodAccessorImpl.invoke(DelegatingMethodAccessorImpl.java:43)
	at java.lang.reflect.Method.invoke(Method.java:498)
	at org.openqa.selenium.support.events.EventFiringWebDriver$2.invoke(EventFiringWebDriver.java:103)
	at com.sun.proxy.$Proxy1.findElement(Unknown Source)
	at org.openqa.selenium.support.events.EventFiringWebDriver.findElement(EventFiringWebDriver.java:188)
	at org.openqa.selenium.remote.server.handler.FindElement.call(FindElement.java:48)
	at org.openqa.selenium.remote.server.handler.FindElement.call(FindElement.java:1)
	at java.util.concurrent.FutureTask.run(FutureTask.java:266)
	at org.openqa.selenium.remote.server.DefaultSession$1.run(DefaultSession.java:176)
	at java.util.concurrent.ThreadPoolExecutor.runWorker(ThreadPoolExecutor.java:1142)
	at java.util.concurrent.ThreadPoolExecutor$Worker.run(ThreadPoolExecutor.java:617)
	at java.lang.Thread.run(Thread.java:745)
16:57:21.277 WARN - Exception: no such element: Unable to locate element: {"method":"css selector","selector":".daterangepicker.dropdown-menu"}
  (Session info: chrome=56.0.2924.87)
  (Driver info: chromedriver=2.27.440174 (e97a722caafc2d3a8b807ee115bfb307f7d2cfd9),platform=Mac OS X 10.11.6 x86_64) (WARNING: The server did not provide any stacktrace information)
Command duration or timeout: 27 milliseconds
For documentation on this error, please visit: http://seleniumhq.org/exceptions/no_such_element.html
Build info: version: '2.53.0', revision: '35ae25b', time: '2016-03-15 17:00:58'
System info: host: 'rsilva-mba.hbs.edu', ip: '10.228.194.1', os.name: 'Mac OS X', os.arch: 'x86_64', os.version: '10.11.6', java.version: '1.8.0_121'
Driver info: org.openqa.selenium.chrome.ChromeDriver
Capabilities [{applicationCacheEnabled=false, rotatable=false, mobileEmulationEnabled=false, networkConnectionEnabled=false, chrome={chromedriverVersion=2.27.440174 (e97a722caafc2d3a8b807ee115bfb307f7d2cfd9), userDataDir=/var/folders/mw/2x0cchr96mbdl_7d0l5xxdgwlhbm1j/T/.org.chromium.Chromium.qQoNGV}, takesHeapSnapshot=true, pageLoadStrategy=normal, databaseEnabled=false, handlesAlerts=true, hasTouchScreen=false, version=56.0.2924.87, platform=MAC, browserConnectionEnabled=false, nativeEvents=true, acceptSslCerts=true, locationContextEnabled=true, webStorageEnabled=true, browserName=chrome, takesScreenshot=true, javascriptEnabled=true, cssSelectorsEnabled=true, unexpectedAlertBehaviour=}]
Session ID: f37b8924aa520558b9202698fe30ba03
*** Element info: {Using=css selector, value=.daterangepicker.dropdown-menu}
16:57:21.496 INFO - Executing: [take screenshot])
16:57:23.405 INFO - Done: [take screenshot]
16:57:23.414 INFO - Executing: [delete session: 02c4dad0-9ee5-4f95-a2fb-cfb1fca13414])
16:57:23.600 INFO - Done: [delete session: 02c4dad0-9ee5-4f95-a2fb-cfb1fca13414]
16:57:23.722 INFO - Executing: [new session: Capabilities [{acceptSslCerts=true, name=Forms, browserName=chrome, javascriptEnabled=true, platform=ANY}]])
16:57:23.724 INFO - Creating a new session for Capabilities [{acceptSslCerts=true, name=Forms, browserName=chrome, javascriptEnabled=true, platform=ANY}]
Starting ChromeDriver 2.27.440174 (e97a722caafc2d3a8b807ee115bfb307f7d2cfd9) on port 28868
Only local connections are allowed.
16:57:25.475 INFO - Done: [new session: Capabilities [{acceptSslCerts=true, name=Forms, browserName=chrome, javascriptEnabled=true, platform=ANY}]]
16:57:25.485 INFO - Executing: [get: http://localhost:3000/forms])
16:57:28.718 INFO - Done: [get: http://localhost:3000/forms]
16:57:28.723 INFO - Executing: [find elements: By.cssSelector: body])
16:57:28.826 INFO - Done: [find elements: By.cssSelector: body]
16:57:28.830 INFO - Executing: [is displayed: 0 [[ChromeDriver: chrome on MAC (32305a4971fa5853c6fa80fdd6fcaf58)] -> css selector: body]])
16:57:28.870 INFO - Done: [is displayed: 0 [[ChromeDriver: chrome on MAC (32305a4971fa5853c6fa80fdd6fcaf58)] -> css selector: body]]
16:57:28.875 INFO - Executing: [find elements: By.cssSelector: form])
16:57:28.955 INFO - Done: [find elements: By.cssSelector: form]
16:57:28.961 INFO - Executing: [find element: By.cssSelector: form])
16:57:29.016 INFO - Done: [find element: By.cssSelector: form]
16:57:29.021 INFO - Executing: [submit: 1 [[ChromeDriver: chrome on MAC (32305a4971fa5853c6fa80fdd6fcaf58)] -> css selector: form]])
16:57:29.087 INFO - Done: [submit: 1 [[ChromeDriver: chrome on MAC (32305a4971fa5853c6fa80fdd6fcaf58)] -> css selector: form]]
16:57:29.093 INFO - Executing: [find element: By.cssSelector: .form-group])
16:57:29.155 INFO - Done: [find element: By.cssSelector: .form-group]
16:57:29.160 INFO - Executing: [get element attribute: 2 [[ChromeDriver: chrome on MAC (32305a4971fa5853c6fa80fdd6fcaf58)] -> css selector: .form-group], class])
16:57:29.182 INFO - Done: [get element attribute: 2 [[ChromeDriver: chrome on MAC (32305a4971fa5853c6fa80fdd6fcaf58)] -> css selector: .form-group], class]
16:57:29.187 INFO - Executing: [find element: By.cssSelector: input[type=email]])
16:57:29.213 INFO - Done: [find element: By.cssSelector: input[type=email]]
16:57:29.217 INFO - Executing: [send keys: 3 [[ChromeDriver: chrome on MAC (32305a4971fa5853c6fa80fdd6fcaf58)] -> css selector: input[type=email]], [t, e, s, t, @, d, o, m, a, i, n, ., c, o, m]])
16:57:29.567 INFO - Done: [send keys: 3 [[ChromeDriver: chrome on MAC (32305a4971fa5853c6fa80fdd6fcaf58)] -> css selector: input[type=email]], [t, e, s, t, @, d, o, m, a, i, n, ., c, o, m]]
16:57:29.574 INFO - Executing: [find element: By.cssSelector: .form-group])
16:57:29.583 INFO - Done: [find element: By.cssSelector: .form-group]
16:57:29.586 INFO - Executing: [get element attribute: 2 [[ChromeDriver: chrome on MAC (32305a4971fa5853c6fa80fdd6fcaf58)] -> css selector: .form-group], class])
16:57:29.591 INFO - Done: [get element attribute: 2 [[ChromeDriver: chrome on MAC (32305a4971fa5853c6fa80fdd6fcaf58)] -> css selector: .form-group], class]
16:57:29.595 INFO - Executing: [set window size])
16:57:29.805 INFO - Done: [set window size]
16:57:29.810 INFO - Executing: [find element: By.cssSelector: a[data-toggle="tooltip"] > i])
16:57:29.831 INFO - Done: [find element: By.cssSelector: a[data-toggle="tooltip"] > i]
16:57:29.834 INFO - Executing: [get element attribute: 4 [[ChromeDriver: chrome on MAC (32305a4971fa5853c6fa80fdd6fcaf58)] -> css selector: a[data-toggle="tooltip"] > i], class])
16:57:29.843 INFO - Done: [get element attribute: 4 [[ChromeDriver: chrome on MAC (32305a4971fa5853c6fa80fdd6fcaf58)] -> css selector: a[data-toggle="tooltip"] > i], class]
16:57:29.846 INFO - Executing: [take screenshot])
16:57:30.197 INFO - Done: [take screenshot]
16:57:30.205 INFO - Executing: [delete session: 0f80657a-a2c1-4aed-a033-9746bb33024f])
16:57:30.304 INFO - Done: [delete session: 0f80657a-a2c1-4aed-a033-9746bb33024f]
16:57:30.332 INFO - Executing: [new session: Capabilities [{acceptSslCerts=true, name=Toasts, browserName=chrome, javascriptEnabled=true, platform=ANY}]])
16:57:30.334 INFO - Creating a new session for Capabilities [{acceptSslCerts=true, name=Toasts, browserName=chrome, javascriptEnabled=true, platform=ANY}]
Starting ChromeDriver 2.27.440174 (e97a722caafc2d3a8b807ee115bfb307f7d2cfd9) on port 23757
Only local connections are allowed.
16:57:32.016 INFO - Done: [new session: Capabilities [{acceptSslCerts=true, name=Toasts, browserName=chrome, javascriptEnabled=true, platform=ANY}]]
16:57:32.021 INFO - Executing: [get: http://localhost:3000/toasts])
16:57:34.442 INFO - Done: [get: http://localhost:3000/toasts]
16:57:34.448 INFO - Executing: [find elements: By.cssSelector: body])
16:57:34.652 INFO - Done: [find elements: By.cssSelector: body]
16:57:34.678 INFO - Executing: [is displayed: 0 [[ChromeDriver: chrome on MAC (bd3f7366ae26340477bf9c9a53583d54)] -> css selector: body]])
16:57:34.730 INFO - Done: [is displayed: 0 [[ChromeDriver: chrome on MAC (bd3f7366ae26340477bf9c9a53583d54)] -> css selector: body]]
16:57:34.741 INFO - Executing: [find elements: By.cssSelector: #toast-container])
16:57:34.817 INFO - Done: [find elements: By.cssSelector: #toast-container]
16:57:34.824 INFO - Executing: [take screenshot])
16:57:35.277 INFO - Done: [take screenshot]
16:57:35.285 INFO - Executing: [delete session: 872d1f9b-6a0f-4775-83c9-1444d4e56bec])
16:57:35.377 INFO - Done: [delete session: 872d1f9b-6a0f-4775-83c9-1444d4e56bec]
